# JRE version: OpenJDK Runtime Environment (8.0_112-b06) (build 1.8.0_112-release-b06)
# Java VM: OpenJDK 64-Bit Server VM (25.112-b06 mixed mode linux-amd64 compressed oops)
Heap:
 PSYoungGen      total 425984K, used 64994K [0x000000076ab00000, 0x000000078ec00000, 0x00000007c0000000)
  eden space 360960K, 0% used [0x000000076ab00000,0x000000076ab00000,0x0000000780b80000)
  from space 65024K, 99% used [0x0000000786d00000,0x000000078ac78960,0x000000078ac80000)
  to   space 54272K, 0% used [0x000000078b700000,0x000000078b700000,0x000000078ec00000)
 ParOldGen       total 158720K, used 133491K [0x00000006c0000000, 0x00000006c9b00000, 0x000000076ab00000)
  object space 158720K, 84% used [0x00000006c0000000,0x00000006c825cc20,0x00000006c9b00000)
 Metaspace       used 6587K, capacity 7344K, committed 7552K, reserved 1056768K
  class space    used 600K, capacity 616K, committed 640K, reserved 1048576K
GC Heap History (10 events):
Event: 2.965 GC heap after
Heap after GC invocations=5 (full 0):
 PSYoungGen      total 128000K, used 5097K [0x000000076ab00000, 0x000000077d200000, 0x00000007c0000000)
  eden space 122880K, 0% used [0x000000076ab00000,0x000000076ab00000,0x0000000772300000)
  from space 5120K, 99% used [0x0000000772300000,0x00000007727fa530,0x0000000772800000)
  to   space 28160K, 0% used [0x000000077b680000,0x000000077b680000,0x000000077d200000)
 ParOldGen       total 81920K, used 39727K [0x00000006c0000000, 0x00000006c5000000, 0x000000076ab00000)
  object space 81920K, 48% used [0x00000006c0000000,0x00000006c26cbe48,0x00000006c5000000)
 Metaspace       used 6447K, capacity 7216K, committed 7296K, reserved 1056768K
  class space    used 598K, capacity 616K, committed 640K, reserved 1048576K
}
Event: 3.824 GC heap before
{Heap before GC invocations=6 (full 0):
 PSYoungGen      total 128000K, used 127977K [0x000000076ab00000, 0x000000077d200000, 0x00000007c0000000)
  eden space 122880K, 100% used [0x000000076ab00000,0x0000000772300000,0x0000000772300000)
  from space 5120K, 99% used [0x0000000772300000,0x00000007727fa530,0x0000000772800000)
  to   space 28160K, 0% used [0x000000077b680000,0x000000077b680000,0x000000077d200000)
 ParOldGen       total 81920K, used 39727K [0x00000006c0000000, 0x00000006c5000000, 0x000000076ab00000)
  object space 81920K, 48% used [0x00000006c0000000,0x00000006c26cbe48,0x00000006c5000000)
 Metaspace       used 6505K, capacity 7280K, committed 7552K, reserved 1056768K
  class space    used 598K, capacity 616K, committed 640K, reserved 1048576K
Event: 3.983 GC heap after
Heap after GC invocations=6 (full 0):
 PSYoungGen      total 269312K, used 25339K [0x000000076ab00000, 0x000000077db00000, 0x00000007c0000000)
  eden space 241152K, 0% used [0x000000076ab00000,0x000000076ab00000,0x0000000779680000)
  from space 28160K, 89% used [0x000000077b680000,0x000000077cf3ee68,0x000000077d200000)
  to   space 32768K, 0% used [0x0000000779680000,0x0000000779680000,0x000000077b680000)
 ParOldGen       total 81920K, used 39735K [0x00000006c0000000, 0x00000006c5000000, 0x000000076ab00000)
  object space 81920K, 48% used [0x00000006c0000000,0x00000006c26cde48,0x00000006c5000000)
 Metaspace       used 6505K, capacity 7280K, committed 7552K, reserved 1056768K
  class space    used 598K, capacity 616K, committed 640K, reserved 1048576K
}
Event: 5.782 GC heap before
{Heap before GC invocations=7 (full 0):
 PSYoungGen      total 269312K, used 266491K [0x000000076ab00000, 0x000000077db00000, 0x00000007c0000000)
  eden space 241152K, 100% used [0x000000076ab00000,0x0000000779680000,0x0000000779680000)
  from space 28160K, 89% used [0x000000077b680000,0x000000077cf3ee68,0x000000077d200000)
  to   space 32768K, 0% used [0x0000000779680000,0x0000000779680000,0x000000077b680000)
 ParOldGen       total 81920K, used 39735K [0x00000006c0000000, 0x00000006c5000000, 0x000000076ab00000)
  object space 81920K, 48% used [0x00000006c0000000,0x00000006c26cde48,0x00000006c5000000)
 Metaspace       used 6535K, capacity 7280K, committed 7552K, reserved 1056768K
  class space    used 598K, capacity 616K, committed 640K, reserved 1048576K
Event: 6.012 GC heap after
Heap after GC invocations=7 (full 0):
 PSYoungGen      total 273920K, used 32747K [0x000000076ab00000, 0x000000078ec00000, 0x00000007c0000000)
  eden space 241152K, 0% used [0x000000076ab00000,0x000000076ab00000,0x0000000779680000)
  from space 32768K, 99% used [0x0000000779680000,0x000000077b67ad18,0x000000077b680000)
  to   space 54272K, 0% used [0x000000078b700000,0x000000078b700000,0x000000078ec00000)
 ParOldGen       total 81920K, used 69291K [0x00000006c0000000, 0x00000006c5000000, 0x000000076ab00000)
  object space 81920K, 84% used [0x00000006c0000000,0x00000006c43aac00,0x00000006c5000000)
 Metaspace       used 6535K, capacity 7280K, committed 7552K, reserved 1056768K
  class space    used 598K, capacity 616K, committed 640K, reserved 1048576K
}
Event: 6.012 GC heap before
{Heap before GC invocations=8 (full 1):
 PSYoungGen      total 273920K, used 32747K [0x000000076ab00000, 0x000000078ec00000, 0x00000007c0000000)
  eden space 241152K, 0% used [0x000000076ab00000,0x000000076ab00000,0x0000000779680000)
  from space 32768K, 99% used [0x0000000779680000,0x000000077b67ad18,0x000000077b680000)
  to   space 54272K, 0% used [0x000000078b700000,0x000000078b700000,0x000000078ec00000)
 ParOldGen       total 81920K, used 69291K [0x00000006c0000000, 0x00000006c5000000, 0x000000076ab00000)
  object space 81920K, 84% used [0x00000006c0000000,0x00000006c43aac00,0x00000006c5000000)
 Metaspace       used 6535K, capacity 7280K, committed 7552K, reserved 1056768K
  class space    used 598K, capacity 616K, committed 640K, reserved 1048576K
Event: 6.722 GC heap after
Heap after GC invocations=8 (full 1):
 PSYoungGen      total 273920K, used 16852K [0x000000076ab00000, 0x000000078ec00000, 0x00000007c0000000)
  eden space 241152K, 0% used [0x000000076ab00000,0x000000076ab00000,0x0000000779680000)
  from space 32768K, 51% used [0x0000000779680000,0x000000077a6f5280,0x000000077b680000)
  to   space 54272K, 0% used [0x000000078b700000,0x000000078b700000,0x000000078ec00000)
 ParOldGen       total 158720K, used 81560K [0x00000006c0000000, 0x00000006c9b00000, 0x000000076ab00000)
  object space 158720K, 51% used [0x00000006c0000000,0x00000006c4fa6010,0x00000006c9b00000)
 Metaspace       used 6535K, capacity 7280K, committed 7552K, reserved 1056768K
  class space    used 598K, capacity 616K, committed 640K, reserved 1048576K
}
Event: 8.141 GC heap before
{Heap before GC invocations=9 (full 1):
 PSYoungGen      total 273920K, used 258004K [0x000000076ab00000, 0x000000078ec00000, 0x00000007c0000000)
  eden space 241152K, 100% used [0x000000076ab00000,0x0000000779680000,0x0000000779680000)
  from space 32768K, 51% used [0x0000000779680000,0x000000077a6f5280,0x000000077b680000)
  to   space 54272K, 0% used [0x000000078b700000,0x000000078b700000,0x000000078ec00000)
 ParOldGen       total 158720K, used 81560K [0x00000006c0000000, 0x00000006c9b00000, 0x000000076ab00000)
  object space 158720K, 51% used [0x00000006c0000000,0x00000006c4fa6010,0x00000006c9b00000)
 Metaspace       used 6559K, capacity 7280K, committed 7552K, reserved 1056768K
  class space    used 599K, capacity 616K, committed 640K, reserved 1048576K
Event: 8.378 GC heap after
Heap after GC invocations=9 (full 1):
 PSYoungGen      total 415232K, used 54243K [0x000000076ab00000, 0x000000078ec00000, 0x00000007c0000000)
  eden space 360960K, 0% used [0x000000076ab00000,0x000000076ab00000,0x0000000780b80000)
  from space 54272K, 99% used [0x000000078b700000,0x000000078ebf8db0,0x000000078ec00000)
  to   space 65024K, 0% used [0x0000000786d00000,0x0000000786d00000,0x000000078ac80000)
 ParOldGen       total 158720K, used 82187K [0x00000006c0000000, 0x00000006c9b00000, 0x000000076ab00000)
  object space 158720K, 51% used [0x00000006c0000000,0x00000006c5042ef0,0x00000006c9b00000)
 Metaspace       used 6559K, capacity 7280K, committed 7552K, reserved 1056768K
  class space    used 599K, capacity 616K, committed 640K, reserved 1048576K
}
Event: 11.029 GC heap before
{Heap before GC invocations=10 (full 1):
 PSYoungGen      total 415232K, used 415203K [0x000000076ab00000, 0x000000078ec00000, 0x00000007c0000000)
  eden space 360960K, 100% used [0x000000076ab00000,0x0000000780b80000,0x0000000780b80000)
  from space 54272K, 99% used [0x000000078b700000,0x000000078ebf8db0,0x000000078ec00000)
  to   space 65024K, 0% used [0x0000000786d00000,0x0000000786d00000,0x000000078ac80000)
 ParOldGen       total 158720K, used 82187K [0x00000006c0000000, 0x00000006c9b00000, 0x000000076ab00000)
  object space 158720K, 51% used [0x00000006c0000000,0x00000006c5042ef0,0x00000006c9b00000)
 Metaspace       used 6587K, capacity 7344K, committed 7552K, reserved 1056768K
  class space    used 600K, capacity 616K, committed 640K, reserved 1048576K

